<?xml version="1.0" encoding="UTF-8"?>
<!-- Generated by org.testng.reporters.JUnitXMLReporter -->
<testsuite ignored="0" hostname="LAPTOP-05E6DIDR" failures="1" tests="18" name="Test" time="27.855" errors="0" timestamp="2024-11-24T22:27:06 IST">
  <testcase classname="org.internship.testcases.LoginTest" name="posLogina" time="3.286"/>
  <testcase classname="org.internship.testcases.LoginTest" name="posLoginM" time="2.05"/>
  <testcase classname="org.internship.testcases.LoginTest" name="blank" time="0.726"/>
  <testcase classname="org.internship.testcases.LoginTest" name="neglogin" time="0.77"/>
  <testcase classname="org.internship.testcases.LoginTest" name="pass" time="0.52"/>
  <testcase classname="org.internship.testcases.LoginTest" name="email" time="0.649"/>
  <testcase classname="org.internship.testcases.HomeTest" name="verifyLoginButton" time="0.11"/>
  <testcase classname="org.internship.testcases.HomeTest" name="joinusbtn" time="0.106"/>
  <testcase classname="org.internship.testcases.HomeTest" name="logo" time="0.087"/>
  <testcase classname="org.internship.testcases.HomeTest" name="welmsg" time="0.057"/>
  <testcase classname="org.internship.testcases.AdminDashboardTest" name="addproject" time="1.12"/>
  <testcase classname="org.internship.testcases.AdminDashboardTest" name="epb" time="2.167"/>
  <testcase classname="org.internship.testcases.AdminDashboardTest" name="db" time="0.043"/>
  <testcase classname="org.internship.testcases.AdminDashboardTest" name="logout" time="0.043"/>
  <testcase classname="org.internship.testcases.AdminDashboardTest" name="dashboard" time="0.037"/>
  <testcase classname="org.internship.testcases.AdminDashboardTest" name="mentor" time="0.041"/>
  <testcase classname="org.internship.testcases.AdminDashboardTest" name="adproject" time="5.056"/>
  <testcase classname="org.internship.testcases.AdminDashboardTest" name="addmentor" time="0.052">
    <failure type="org.openqa.selenium.InvalidSelectorException" message="invalid selector
from javascript error: {&amp;quot;status&amp;quot;:32,&amp;quot;value&amp;quot;:&amp;quot;Unable to locate an element with the xpath expression //*[@id=\&amp;quot;root\&amp;quot;]/div/div[2]/div/div/div[2]/a[2]/ul/li/div] because of the following error:\nSyntaxError: Failed to execute &amp;apos;evaluate&amp;apos; on &amp;apos;Document&amp;apos;: The string &amp;apos;//*[@id=\&amp;quot;root\&amp;quot;]/div/div[2]/div/div/div[2]/a[2]/ul/li/div]&amp;apos; is not a valid XPath expression.&amp;quot;}
  (Session info: chrome=131.0.6778.86)
For documentation on this error, please visit: https://www.selenium.dev/documentation/webdriver/troubleshooting/errors#invalid-selector-exception
Build info: version: &amp;apos;4.26.0&amp;apos;, revision: &amp;apos;8ccf0219d7&amp;apos;
System info: os.name: &amp;apos;Windows 11&amp;apos;, os.arch: &amp;apos;amd64&amp;apos;, os.version: &amp;apos;10.0&amp;apos;, java.version: &amp;apos;22.0.1&amp;apos;
Driver info: org.openqa.selenium.chrome.ChromeDriver
Command: [4a9af2bbdf91f49cf49f408028ff1cc7, findElement {using=xpath, value=//*[@id=&amp;quot;root&amp;quot;]/div/div[2]/div/div/div[2]/a[2]/ul/li/div]}]
Capabilities {acceptInsecureCerts: false, browserName: chrome, browserVersion: 131.0.6778.86, chrome: {chromedriverVersion: 131.0.6778.85 (3d81e41b6f3a..., userDataDir: C:\Users\rcben\AppData\Loca...}, fedcm:accounts: true, goog:chromeOptions: {debuggerAddress: localhost:63770}, networkConnectionEnabled: false, pageLoadStrategy: normal, platformName: windows, proxy: Proxy(), se:cdp: ws://localhost:63770/devtoo..., se:cdpVersion: 131.0.6778.86, setWindowRect: true, strictFileInteractability: false, timeouts: {implicit: 0, pageLoad: 300000, script: 30000}, unhandledPromptBehavior: dismiss and notify, webauthn:extension:credBlob: true, webauthn:extension:largeBlob: true, webauthn:extension:minPinLength: true, webauthn:extension:prf: true, webauthn:virtualAuthenticators: true}
Session ID: 4a9af2bbdf91f49cf49f408028ff1cc7">
      <![CDATA[org.openqa.selenium.InvalidSelectorException: invalid selector
from javascript error: {"status":32,"value":"Unable to locate an element with the xpath expression //*[@id=\"root\"]/div/div[2]/div/div/div[2]/a[2]/ul/li/div] because of the following error:\nSyntaxError: Failed to execute 'evaluate' on 'Document': The string '//*[@id=\"root\"]/div/div[2]/div/div/div[2]/a[2]/ul/li/div]' is not a valid XPath expression."}
  (Session info: chrome=131.0.6778.86)
For documentation on this error, please visit: https://www.selenium.dev/documentation/webdriver/troubleshooting/errors#invalid-selector-exception
Build info: version: '4.26.0', revision: '8ccf0219d7'
System info: os.name: 'Windows 11', os.arch: 'amd64', os.version: '10.0', java.version: '22.0.1'
Driver info: org.openqa.selenium.chrome.ChromeDriver
Command: [4a9af2bbdf91f49cf49f408028ff1cc7, findElement {using=xpath, value=//*[@id="root"]/div/div[2]/div/div/div[2]/a[2]/ul/li/div]}]
Capabilities {acceptInsecureCerts: false, browserName: chrome, browserVersion: 131.0.6778.86, chrome: {chromedriverVersion: 131.0.6778.85 (3d81e41b6f3a..., userDataDir: C:\Users\rcben\AppData\Loca...}, fedcm:accounts: true, goog:chromeOptions: {debuggerAddress: localhost:63770}, networkConnectionEnabled: false, pageLoadStrategy: normal, platformName: windows, proxy: Proxy(), se:cdp: ws://localhost:63770/devtoo..., se:cdpVersion: 131.0.6778.86, setWindowRect: true, strictFileInteractability: false, timeouts: {implicit: 0, pageLoad: 300000, script: 30000}, unhandledPromptBehavior: dismiss and notify, webauthn:extension:credBlob: true, webauthn:extension:largeBlob: true, webauthn:extension:minPinLength: true, webauthn:extension:prf: true, webauthn:virtualAuthenticators: true}
Session ID: 4a9af2bbdf91f49cf49f408028ff1cc7
at org.openqa.selenium.remote.ErrorCodec.decode(ErrorCodec.java:167)
at org.openqa.selenium.remote.codec.w3c.W3CHttpResponseCodec.decode(W3CHttpResponseCodec.java:138)
at org.openqa.selenium.remote.codec.w3c.W3CHttpResponseCodec.decode(W3CHttpResponseCodec.java:50)
at org.openqa.selenium.remote.HttpCommandExecutor.execute(HttpCommandExecutor.java:190)
at org.openqa.selenium.remote.service.DriverCommandExecutor.invokeExecute(DriverCommandExecutor.java:216)
at org.openqa.selenium.remote.service.DriverCommandExecutor.execute(DriverCommandExecutor.java:174)
at org.openqa.selenium.remote.RemoteWebDriver.execute(RemoteWebDriver.java:545)
at org.openqa.selenium.remote.ElementLocation$ElementFinder$2.findElement(ElementLocation.java:165)
at org.openqa.selenium.remote.ElementLocation.findElement(ElementLocation.java:59)
at org.openqa.selenium.remote.RemoteWebDriver.findElement(RemoteWebDriver.java:368)
at org.openqa.selenium.remote.RemoteWebDriver.findElement(RemoteWebDriver.java:362)
at org.internship.pages.AdminDashboardPage.addmentor(AdminDashboardPage.java:53)
at org.internship.testcases.AdminDashboardTest.addmentor(AdminDashboardTest.java:69)
at java.base/java.util.ArrayList.forEach(ArrayList.java:1597)
... Removed 28 stack frames]]>
    </failure>
  </testcase> <!-- addmentor -->
</testsuite> <!-- Test -->
